{
  "stats": {
    "suites": 3,
    "tests": 16,
    "passes": 16,
    "pending": 0,
    "failures": 0,
    "testsRegistered": 16,
    "passPercent": 100,
    "pendingPercent": 0,
    "other": 0,
    "hasOther": false,
    "skipped": 0,
    "hasSkipped": false,
    "start": "2026-08-19T02:11:36.602Z",
    "end": "2026-08-19T02:11:56.954Z",
    "duration": 20352
  },
  "results": [
    {
      "uuid": "af15cfe7-4f12-4c57-ab51-0c924162aa80",
      "title": "",
      "fullFile": "cypress\\e2e\\api.cy.js",
      "file": "cypress\\e2e\\api.cy.js",
      "beforeHooks": [],
      "afterHooks": [],
      "tests": [],
      "suites": [
        {
          "uuid": "ffdbff13-f7f7-4f0c-bd3d-5398df958f0a",
          "title": "Seatecnologia - API",
          "fullFile": "cypress\\e2e\\api.cy.js",
          "file": "cypress\\e2e\\api.cy.js",
          "beforeHooks": [],
          "afterHooks": [],
          "tests": [
            {
              "title": "API-CT-001 - Validar retorno da lista de funcionários",
              "fullTitle": "Seatecnologia - API API-CT-001 - Validar retorno da lista de funcionários",
              "timedOut": null,
              "duration": 208,
              "state": "passed",
              "speed": "fast",
              "pass": true,
              "fail": false,
              "pending": false,
              "context": null,
              "code": "cy.request({\n  //Teste Principal - POST (Cadastro de funcionário via API)\n  method: 'POST',\n  url: '/employees',\n  body: funcionario\n}).then(response => {\n  expect(response.status).to.eq(201);\n  expect(response.body.state.employee.name).to.eq('Teste325');\n  expect(response.body.state.employee.cpf).to.eq('12345678912');\n  expect(response.body.state.employee.birthDay).to.eq('2000-08-12');\n  expect(response.body.state.employee.rg).to.eq('213456');\n  expect(response.body.state.employee.caNumber).to.eq('12345');\n  const employeeId = response.body.id;\n  cy.request({\n    //Cleanup - DELETE (Deleta o funcionário via API)\n    method: 'DELETE',\n    url: `/employees/${employeeId}`\n  }).then(response => {\n    expect(response.status).to.eq(200);\n  });\n});",
              "err": {},
              "uuid": "a4901ec0-717d-4ced-8962-8ada452e5e94",
              "parentUUID": "ffdbff13-f7f7-4f0c-bd3d-5398df958f0a",
              "isHook": false,
              "skipped": false
            },
            {
              "title": "API-CT-002 - Validar cadastro de funcionário",
              "fullTitle": "Seatecnologia - API API-CT-002 - Validar cadastro de funcionário",
              "timedOut": null,
              "duration": 164,
              "state": "passed",
              "speed": "fast",
              "pass": true,
              "fail": false,
              "pending": false,
              "context": null,
              "code": "cy.request({\n  // Setup - POST (Cadastro de funcionário via API)\n  method: 'POST',\n  url: '/employees',\n  body: funcionario\n}).then(response => {\n  expect(response.status).to.eq(201);\n  const employeeId = response.body.id;\n  cy.request({\n    //Teste Principal GET - Valida o retorno da lista de funcionários via API\n    method: 'GET',\n    url: '/employees'\n  }).then(response => {\n    expect(response.status).to.eq(200);\n    const employee = response.body.find(employee => employee.id === employeeId);\n    const prop = ['isActive', 'name', 'gender', 'cpf', 'birthDay', 'rg', 'role', 'usesEpi', 'caNumber'];\n    expect(employee).to.have.property('state');\n    expect(employee).to.have.property('id');\n    expect(employee.state).to.have.property('employee');\n    prop.forEach(property => {\n      expect(employee.state.employee).to.have.property(property);\n    });\n    cy.request({\n      //Cleanup - DELETE (Deleta o funcionário via API)\n      method: 'DELETE',\n      url: `/employees/${employeeId}`\n    }).then(response => {\n      expect(response.status).to.eq(200);\n    });\n  });\n});",
              "err": {},
              "uuid": "28a2992b-d7e7-4a2c-90fb-d84743ccea28",
              "parentUUID": "ffdbff13-f7f7-4f0c-bd3d-5398df958f0a",
              "isHook": false,
              "skipped": false
            },
            {
              "title": "API-CT-003 - Validar edição de funcionário",
              "fullTitle": "Seatecnologia - API API-CT-003 - Validar edição de funcionário",
              "timedOut": null,
              "duration": 159,
              "state": "passed",
              "speed": "fast",
              "pass": true,
              "fail": false,
              "pending": false,
              "context": null,
              "code": "cy.request({\n  // Setup - POST (Cadastro de funcionário via API)\n  method: 'POST',\n  url: '/employees',\n  body: funcionario\n}).then(response => {\n  expect(response.status).to.eq(201);\n  const employeeId = response.body.id;\n  cy.request({\n    // Teste Principal - PUT (Alteração de funcionário via API)\n    method: 'PUT',\n    url: `/employees/${employeeId}`,\n    body: {\n      state: {\n        employee: {\n          isActive: true,\n          name: 'Teste285',\n          gender: 'masculino',\n          cpf: '12345678912',\n          birthDay: '2000-08-12',\n          rg: '213456',\n          role: 'Desenvolvedor',\n          usesEpi: true,\n          caNumber: '12345'\n        }\n      }\n    }\n  }).then(response => {\n    expect(response.status).to.eq(200);\n    expect(response.body.state.employee.name).to.eq('Teste285');\n    cy.request({\n      //Cleanup - DELETE (Deleta o funcionário via API)\n      method: 'DELETE',\n      url: `/employees/${employeeId}`\n    }).then(response => {\n      expect(response.status).to.eq(200);\n    });\n  });\n});",
              "err": {},
              "uuid": "de26f1a4-d67f-40ec-bb36-5005291a7371",
              "parentUUID": "ffdbff13-f7f7-4f0c-bd3d-5398df958f0a",
              "isHook": false,
              "skipped": false
            },
            {
              "title": "API-CT-004 - Validar exclusão de funcionário",
              "fullTitle": "Seatecnologia - API API-CT-004 - Validar exclusão de funcionário",
              "timedOut": null,
              "duration": 123,
              "state": "passed",
              "speed": "fast",
              "pass": true,
              "fail": false,
              "pending": false,
              "context": null,
              "code": "cy.request({\n  // Setup - POST (Cadastro de funcionário via API)\n  method: 'POST',\n  url: '/employees',\n  body: funcionario\n}).then(response => {\n  expect(response.status).to.eq(201);\n  const employeeId = response.body.id;\n  cy.request({\n    // Teste Principal - DELETE (Exclusão de funcionário via API)\n    method: 'DELETE',\n    url: `/employees/${employeeId}`\n  }).then(response => {\n    expect(response.status).to.eq(200);\n    expect(response.body.id).to.eq(employeeId);\n  });\n});",
              "err": {},
              "uuid": "d424a720-348f-4185-8066-a1d011430c72",
              "parentUUID": "ffdbff13-f7f7-4f0c-bd3d-5398df958f0a",
              "isHook": false,
              "skipped": false
            }
          ],
          "suites": [],
          "passes": [
            "a4901ec0-717d-4ced-8962-8ada452e5e94",
            "28a2992b-d7e7-4a2c-90fb-d84743ccea28",
            "de26f1a4-d67f-40ec-bb36-5005291a7371",
            "d424a720-348f-4185-8066-a1d011430c72"
          ],
          "failures": [],
          "pending": [],
          "skipped": [],
          "duration": 654,
          "root": false,
          "rootEmpty": false,
          "_timeout": 2000
        }
      ],
      "passes": [],
      "failures": [],
      "pending": [],
      "skipped": [],
      "duration": 0,
      "root": true,
      "rootEmpty": true,
      "_timeout": 2000
    },
    {
      "uuid": "8caa84c5-30d6-4be9-b8c6-5743a619b045",
      "title": "",
      "fullFile": "cypress\\e2e\\web.cy.js",
      "file": "cypress\\e2e\\web.cy.js",
      "beforeHooks": [],
      "afterHooks": [],
      "tests": [],
      "suites": [
        {
          "uuid": "cfa73f3b-f519-4967-a0e4-e1bb0f18c76d",
          "title": "Seatecnologia - Cadastro",
          "fullFile": "cypress\\e2e\\web.cy.js",
          "file": "cypress\\e2e\\web.cy.js",
          "beforeHooks": [],
          "afterHooks": [],
          "tests": [
            {
              "title": "WEB-CT-001 - Efetuar cadastro de funcionário com dados válidos",
              "fullTitle": "Seatecnologia - Cadastro WEB-CT-001 - Efetuar cadastro de funcionário com dados válidos",
              "timedOut": null,
              "duration": 2345,
              "state": "passed",
              "speed": "fast",
              "pass": true,
              "fail": false,
              "pending": false,
              "context": null,
              "code": "// Cadastro de funcionário via Web\ncy.get('.c-kUQtTK').click();\ncy.get('[name=\"name\"]').type(employeeData.nome);\ncy.get('[name=\"cpf\"]').type(employeeData.cpf);\ncy.get('[name=\"rg\"]').type(employeeData.rg);\ncy.get('input[name=\"birthDay\"]').type(employeeData.dataNasc);\ncy.get('[name=\"caNumber\"]').type(employeeData.caNumb);\ncy.get('.c-iQPyMC').selectFile('cypress/fixtures/test.txt');\ncy.get('.save').click();\ncy.get('.c-bXqUbA').find('span', 'Teste325').should('be.visible');",
              "err": {},
              "uuid": "372253cb-5f1a-430f-9bc1-71af41f5a939",
              "parentUUID": "cfa73f3b-f519-4967-a0e4-e1bb0f18c76d",
              "isHook": false,
              "skipped": false
            },
            {
              "title": "WEB-CT-002 - Efetuar cadastro de funcionário ativo com dados válidos",
              "fullTitle": "Seatecnologia - Cadastro WEB-CT-002 - Efetuar cadastro de funcionário ativo com dados válidos",
              "timedOut": null,
              "duration": 1740,
              "state": "passed",
              "speed": "fast",
              "pass": true,
              "fail": false,
              "pending": false,
              "context": null,
              "code": "// Cadastro de funcionário ativo via Web\ncy.get('.c-kUQtTK').click();\ncy.get('.ant-switch').click();\ncy.get('[name=\"name\"]').type(employeeData.nome);\ncy.get('[name=\"cpf\"]').type(employeeData.cpf);\ncy.get('[name=\"rg\"]').type(employeeData.rg);\ncy.get('input[name=\"birthDay\"]').type(employeeData.dataNasc);\ncy.get('.ant-checkbox-input').check();\ncy.get('.save').click();\ncy.get('.c-hfAyug').click();\ncy.get('.c-bXqUbA').find('span', 'Teste325').should('be.visible');",
              "err": {},
              "uuid": "084b15e5-fa05-4933-94bb-7f6e97e81bc6",
              "parentUUID": "cfa73f3b-f519-4967-a0e4-e1bb0f18c76d",
              "isHook": false,
              "skipped": false
            }
          ],
          "suites": [],
          "passes": [
            "372253cb-5f1a-430f-9bc1-71af41f5a939",
            "084b15e5-fa05-4933-94bb-7f6e97e81bc6"
          ],
          "failures": [],
          "pending": [],
          "skipped": [],
          "duration": 4085,
          "root": false,
          "rootEmpty": false,
          "_timeout": 2000
        },
        {
          "uuid": "ef56762d-a9cc-46ae-882e-30acbca68ed8",
          "title": "Seatecnologia - Validação",
          "fullFile": "cypress\\e2e\\web.cy.js",
          "file": "cypress\\e2e\\web.cy.js",
          "beforeHooks": [],
          "afterHooks": [],
          "tests": [
            {
              "title": "WEB-CT-006 - Validar preenchimento obrigatório do campo Nome",
              "fullTitle": "Seatecnologia - Validação WEB-CT-006 - Validar preenchimento obrigatório do campo Nome",
              "timedOut": null,
              "duration": 1721,
              "state": "passed",
              "speed": "fast",
              "pass": true,
              "fail": false,
              "pending": false,
              "context": null,
              "code": "// Validação do preenchimento obrigatório do campo Nome via Web\ncy.get('.c-kUQtTK').click();\ncy.get('[name=\"cpf\"]').type(employeeData.cpf);\ncy.get('[name=\"rg\"]').type(employeeData.rg);\ncy.get('input[name=\"birthDay\"]').type(employeeData.dataNasc);\ncy.get('.ant-checkbox-input').check();\ncy.get('.save').click();\ncy.get('input[name=\"name\"]').should('have.prop', 'validationMessage').and('equal', 'Preencha este campo.');",
              "err": {},
              "uuid": "01f3cfcd-4e5c-4a39-8622-2531209497ed",
              "parentUUID": "ef56762d-a9cc-46ae-882e-30acbca68ed8",
              "isHook": false,
              "skipped": false
            },
            {
              "title": "WEB-CT-007 - Validar preenchimento obrigatório do campo CPF",
              "fullTitle": "Seatecnologia - Validação WEB-CT-007 - Validar preenchimento obrigatório do campo CPF",
              "timedOut": null,
              "duration": 1466,
              "state": "passed",
              "speed": "fast",
              "pass": true,
              "fail": false,
              "pending": false,
              "context": null,
              "code": "// Validação do preenchimento obrigatório do campo CPF via Web\ncy.get('.c-kUQtTK').click();\ncy.get('[name=\"name\"]').type(employeeData.nome);\ncy.get('[name=\"rg\"]').type(employeeData.rg);\ncy.get('input[name=\"birthDay\"]').type(employeeData.dataNasc);\ncy.get('.ant-checkbox-input').check();\ncy.get('.save').click();\ncy.get('input[name=\"cpf\"]').should('have.prop', 'validationMessage').and('equal', 'Preencha este campo.');",
              "err": {},
              "uuid": "e8b5c861-34cc-475b-8546-5f0fa31b4e0d",
              "parentUUID": "ef56762d-a9cc-46ae-882e-30acbca68ed8",
              "isHook": false,
              "skipped": false
            },
            {
              "title": "WEB-CT-008 - Validar preenchimento obrigatório do campo RG",
              "fullTitle": "Seatecnologia - Validação WEB-CT-008 - Validar preenchimento obrigatório do campo RG",
              "timedOut": null,
              "duration": 1703,
              "state": "passed",
              "speed": "fast",
              "pass": true,
              "fail": false,
              "pending": false,
              "context": null,
              "code": "// Validação do preenchimento obrigatório do campo RG via Web\ncy.get('.c-kUQtTK').click();\ncy.get('[name=\"name\"]').type(employeeData.nome);\ncy.get('[name=\"cpf\"]').type(employeeData.cpf);\ncy.get('input[name=\"birthDay\"]').type(employeeData.dataNasc);\ncy.get('.ant-checkbox-input').check();\ncy.get('.save').click();\ncy.get('input[name=\"rg\"]').should('have.prop', 'validationMessage').and('equal', 'Preencha este campo.');",
              "err": {},
              "uuid": "6a797dde-d63f-41bc-9ad2-09942b076722",
              "parentUUID": "ef56762d-a9cc-46ae-882e-30acbca68ed8",
              "isHook": false,
              "skipped": false
            },
            {
              "title": "WEB-CT-009 - Validar preenchimento obrigatório do campo Data de nascimento",
              "fullTitle": "Seatecnologia - Validação WEB-CT-009 - Validar preenchimento obrigatório do campo Data de nascimento",
              "timedOut": null,
              "duration": 1450,
              "state": "passed",
              "speed": "fast",
              "pass": true,
              "fail": false,
              "pending": false,
              "context": null,
              "code": "// Validação do preenchimento obrigatório do campo Data de nascimento via Web\ncy.get('.c-kUQtTK').click();\ncy.get('[name=\"name\"]').type(employeeData.nome);\ncy.get('[name=\"cpf\"]').type(employeeData.cpf);\ncy.get('[name=\"rg\"]').type(employeeData.rg);\ncy.get('.ant-checkbox-input').check();\ncy.get('.save').click();\ncy.get('input[name=\"birthDay\"]').should('have.prop', 'validationMessage').and('equal', 'Preencha este campo.');",
              "err": {},
              "uuid": "74d75401-b9f8-4352-8274-4bbe32b100db",
              "parentUUID": "ef56762d-a9cc-46ae-882e-30acbca68ed8",
              "isHook": false,
              "skipped": false
            },
            {
              "title": "WEB-CT-010 - Validar preenchimento obrigatório do campo Número do CA",
              "fullTitle": "Seatecnologia - Validação WEB-CT-010 - Validar preenchimento obrigatório do campo Número do CA",
              "timedOut": null,
              "duration": 1973,
              "state": "passed",
              "speed": "fast",
              "pass": true,
              "fail": false,
              "pending": false,
              "context": null,
              "code": "// Validação do preenchimento obrigatório do campo Número do CA via Web\ncy.get('.c-kUQtTK').click();\ncy.get('[name=\"name\"]').type(employeeData.nome);\ncy.get('[name=\"cpf\"]').type(employeeData.cpf);\ncy.get('[name=\"rg\"]').type(employeeData.rg);\ncy.get('input[name=\"birthDay\"]').type(employeeData.dataNasc);\ncy.get('.save').click();\ncy.get('input[name=\"caNumber\"]').should('have.prop', 'validationMessage').and('equal', 'Preencha este campo.');",
              "err": {},
              "uuid": "6c59fd1f-800b-4492-9120-8e17c52e2349",
              "parentUUID": "ef56762d-a9cc-46ae-882e-30acbca68ed8",
              "isHook": false,
              "skipped": false
            },
            {
              "title": "WEB-CT-011 - Validar quantidade mínima de caracteres no campo CPF",
              "fullTitle": "Seatecnologia - Validação WEB-CT-011 - Validar quantidade mínima de caracteres no campo CPF",
              "timedOut": null,
              "duration": 415,
              "state": "passed",
              "speed": "fast",
              "pass": true,
              "fail": false,
              "pending": false,
              "context": null,
              "code": "// Validação da quantidade mínima de caracteres no campo CPF via Web\ncy.get('.c-kUQtTK').click();\ncy.get('[name=\"cpf\"]').should('have.attr', 'minlength', '11');",
              "err": {},
              "uuid": "2d8827e4-8374-4314-a360-bd1091a5e310",
              "parentUUID": "ef56762d-a9cc-46ae-882e-30acbca68ed8",
              "isHook": false,
              "skipped": false
            }
          ],
          "suites": [],
          "passes": [
            "01f3cfcd-4e5c-4a39-8622-2531209497ed",
            "e8b5c861-34cc-475b-8546-5f0fa31b4e0d",
            "6a797dde-d63f-41bc-9ad2-09942b076722",
            "74d75401-b9f8-4352-8274-4bbe32b100db",
            "6c59fd1f-800b-4492-9120-8e17c52e2349",
            "2d8827e4-8374-4314-a360-bd1091a5e310"
          ],
          "failures": [],
          "pending": [],
          "skipped": [],
          "duration": 8728,
          "root": false,
          "rootEmpty": false,
          "_timeout": 2000
        }
      ],
      "passes": [],
      "failures": [],
      "pending": [],
      "skipped": [],
      "duration": 0,
      "root": true,
      "rootEmpty": true,
      "_timeout": 2000
    },
    {
      "uuid": "1113e432-91fb-4e02-ab7c-c0a221a14e3b",
      "title": "",
      "fullFile": "cypress\\e2e\\webxapi.cy.js",
      "file": "cypress\\e2e\\webxapi.cy.js",
      "beforeHooks": [],
      "afterHooks": [],
      "tests": [],
      "suites": [
        {
          "uuid": "0931d7d4-8fb4-4d4b-88fb-25a987e48a6e",
          "title": "Testes cruzamento Web -> API",
          "fullFile": "cypress\\e2e\\webxapi.cy.js",
          "file": "cypress\\e2e\\webxapi.cy.js",
          "beforeHooks": [],
          "afterHooks": [],
          "tests": [
            {
              "title": "WEB-API-CT-001 - Validar cadastro de funcionário realizado pela Web na API",
              "fullTitle": "Testes cruzamento Web -> API WEB-API-CT-001 - Validar cadastro de funcionário realizado pela Web na API",
              "timedOut": null,
              "duration": 2158,
              "state": "passed",
              "speed": "fast",
              "pass": true,
              "fail": false,
              "pending": false,
              "context": null,
              "code": "cy.get('.c-kUQtTK').click(); //Faz o cadastro do funcionário via Web\ncy.get('[name=\"name\"]').type(employeeData.nome);\ncy.get('[name=\"cpf\"]').type(employeeData.cpf);\ncy.get('[name=\"rg\"]').type(employeeData.rg);\ncy.get('input[name=\"birthDay\"]').type(employeeData.dataNasc);\ncy.get('[name=\"caNumber\"]').type(employeeData.caNumb);\ncy.get('.save').click();\ncy.request({\n  //Valida o cadastro do funcionário via API\n  method: 'GET',\n  url: '/employees'\n}).then(response => {\n  const employee = response.body.find(employee => employee.state.employee.cpf === employeeData.cpf);\n  expect(employee.state.employee.name).to.eq(employeeData.nome);\n  expect(employee.state.employee.cpf).to.eq(employeeData.cpf);\n  expect(employee.state.employee.rg).to.eq(employeeData.rg);\n  expect(employee.state.employee.birthDay).to.eq(employeeData.dataNasc);\n  expect(employee.state.employee.caNumber).to.eq(employeeData.caNumb);\n  cy.request({\n    //Cleanup - DELETE\n    method: 'DELETE',\n    url: `/employees/${employee.id}`\n  }).then(response => {\n    expect(response.status).to.eq(200);\n  });\n});",
              "err": {},
              "uuid": "c108491e-4153-4970-8047-ab3e46c82b86",
              "parentUUID": "0931d7d4-8fb4-4d4b-88fb-25a987e48a6e",
              "isHook": false,
              "skipped": false
            }
          ],
          "suites": [],
          "passes": [
            "c108491e-4153-4970-8047-ab3e46c82b86"
          ],
          "failures": [],
          "pending": [],
          "skipped": [],
          "duration": 2158,
          "root": false,
          "rootEmpty": false,
          "_timeout": 2000
        },
        {
          "uuid": "fb346d28-29bb-4be7-bfe8-ef2679b80d70",
          "title": "Testes cruzamento API -> Web",
          "fullFile": "cypress\\e2e\\webxapi.cy.js",
          "file": "cypress\\e2e\\webxapi.cy.js",
          "beforeHooks": [],
          "afterHooks": [],
          "tests": [
            {
              "title": "WEB-API-CT-002 - Validar cadastro de funcionário realizado pela API na Web",
              "fullTitle": "Testes cruzamento API -> Web WEB-API-CT-002 - Validar cadastro de funcionário realizado pela API na Web",
              "timedOut": null,
              "duration": 544,
              "state": "passed",
              "speed": "fast",
              "pass": true,
              "fail": false,
              "pending": false,
              "context": null,
              "code": "cy.request({\n  //Faz o cadastro do funcionário via API\n  method: 'POST',\n  url: '/employees',\n  body: funcionario\n}).then(response => {\n  expect(response.status).to.eq(201);\n  cy.visit('/');\n  cy.get('.c-bXqUbA').find('span', funcionario.state.nome).should('be.visible'); //Valida o cadastro do funcionário via Web\n  const employeeId = response.body.id;\n  cy.request({\n    //Cleanup - DELETE\n    method: 'DELETE',\n    url: `/employees/${employeeId}`\n  }).then(response => {\n    expect(response.status).to.eq(200);\n  });\n});",
              "err": {},
              "uuid": "76f065cb-e4fc-4108-b0ca-056fd75e3395",
              "parentUUID": "fb346d28-29bb-4be7-bfe8-ef2679b80d70",
              "isHook": false,
              "skipped": false
            },
            {
              "title": "WEB-API-CT-003 - Validar edição de funcionário realizada pela API na Web",
              "fullTitle": "Testes cruzamento API -> Web WEB-API-CT-003 - Validar edição de funcionário realizada pela API na Web",
              "timedOut": null,
              "duration": 787,
              "state": "passed",
              "speed": "fast",
              "pass": true,
              "fail": false,
              "pending": false,
              "context": null,
              "code": "cy.request({\n  // Setup - POST (Cadastro de funcionário via API)\n  method: 'POST',\n  url: '/employees',\n  body: funcionario\n}).then(response => {\n  expect(response.status).to.eq(201);\n  const employeeId = response.body.id;\n  cy.request({\n    // Faz a alteração do funcionário via API\n    method: 'PUT',\n    url: `/employees/${employeeId}`,\n    body: {\n      state: {\n        employee: {\n          isActive: true,\n          name: 'Teste285',\n          gender: 'masculino',\n          cpf: '12345678912',\n          birthDay: '2000-08-12',\n          rg: '213456',\n          role: 'Desenvolvedor',\n          usesEpi: true,\n          caNumber: '12345'\n        }\n      }\n    }\n  }).then(response => {\n    expect(response.status).to.eq(200);\n    cy.visit('/');\n    cy.get('.c-bXqUbA').find('span', response.body.state.employee.name).should('be.visible'); //Valida a alteração do funcionário via Web\n    cy.request({\n      //Cleanup - DELETE\n      method: 'DELETE',\n      url: `/employees/${employeeId}`\n    }).then(response => {\n      expect(response.status).to.eq(200);\n    });\n  });\n});",
              "err": {},
              "uuid": "37eeed77-842b-4ab7-ae42-99fe8b09ce73",
              "parentUUID": "fb346d28-29bb-4be7-bfe8-ef2679b80d70",
              "isHook": false,
              "skipped": false
            },
            {
              "title": "WEB-API-CT-004 - Validar exclusão de funcionário realizada pela API na Web",
              "fullTitle": "Testes cruzamento API -> Web WEB-API-CT-004 - Validar exclusão de funcionário realizada pela API na Web",
              "timedOut": null,
              "duration": 502,
              "state": "passed",
              "speed": "fast",
              "pass": true,
              "fail": false,
              "pending": false,
              "context": null,
              "code": "cy.request({\n  // Setup - POST (Cadastro de funcionário via API)\n  method: 'POST',\n  url: '/employees',\n  body: funcionario\n}).then(response => {\n  expect(response.status).to.eq(201);\n  const employeeId = response.body.id;\n  cy.request({\n    //Deleta o funcionário e valida a exclusão via API\n    method: 'DELETE',\n    url: `/employees/${employeeId}`\n  }).then(response => {\n    expect(response.status).to.eq(200);\n    cy.visit('/');\n    cy.get('.c-bXqUbA').should('not.contain', funcionario.state.nome);\n  });\n});",
              "err": {},
              "uuid": "7c32450a-03ba-4079-bafd-e4c8fab5f811",
              "parentUUID": "fb346d28-29bb-4be7-bfe8-ef2679b80d70",
              "isHook": false,
              "skipped": false
            }
          ],
          "suites": [],
          "passes": [
            "76f065cb-e4fc-4108-b0ca-056fd75e3395",
            "37eeed77-842b-4ab7-ae42-99fe8b09ce73",
            "7c32450a-03ba-4079-bafd-e4c8fab5f811"
          ],
          "failures": [],
          "pending": [],
          "skipped": [],
          "duration": 1833,
          "root": false,
          "rootEmpty": false,
          "_timeout": 2000
        }
      ],
      "passes": [],
      "failures": [],
      "pending": [],
      "skipped": [],
      "duration": 0,
      "root": true,
      "rootEmpty": true,
      "_timeout": 2000
    }
  ],
  "meta": {
    "mocha": {
      "version": "7.2.0"
    },
    "mochawesome": {
      "options": {
        "quiet": false,
        "reportFilename": "mochawesome",
        "saveHtml": false,
        "saveJson": true,
        "consoleReporter": "spec",
        "useInlineDiffs": false,
        "code": true
      },
      "version": "8.0.1"
    },
    "marge": {
      "options": {
        "reportDir": "cypress\\reports\\.jsons",
        "charts": true,
        "reportPageTitle": "SeaTecnologia Test Report",
        "embeddedScreenshots": true,
        "inlineAssets": true,
        "saveJson": true,
        "overwrite": false,
        "html": false,
        "json": true
      },
      "version": "6.3.2"
    }
  }
}