{
  "stats": {
    "suites": 3,
    "tests": 16,
    "passes": 16,
    "pending": 0,
    "failures": 0,
    "testsRegistered": 16,
    "passPercent": 100,
    "pendingPercent": 0,
    "other": 0,
    "hasOther": false,
    "skipped": 0,
    "hasSkipped": false,
    "start": "2026-08-18T23:43:30.147Z",
    "end": "2026-08-18T23:43:53.920Z",
    "duration": 23773
  },
  "results": [
    {
      "uuid": "87a74323-ebde-46d3-91fc-33e60054fa4e",
      "title": "",
      "fullFile": "cypress\\e2e\\api.cy.js",
      "file": "cypress\\e2e\\api.cy.js",
      "beforeHooks": [],
      "afterHooks": [],
      "tests": [],
      "suites": [
        {
          "uuid": "b2f3c9c9-2b52-4c31-9ee4-6eb602288c73",
          "title": "Seatecnologia - API",
          "fullFile": "cypress\\e2e\\api.cy.js",
          "file": "cypress\\e2e\\api.cy.js",
          "beforeHooks": [],
          "afterHooks": [],
          "tests": [
            {
              "title": "API-CT-001 - Validar retorno da lista de funcionários",
              "fullTitle": "Seatecnologia - API API-CT-001 - Validar retorno da lista de funcionários",
              "timedOut": null,
              "duration": 214,
              "state": "passed",
              "speed": "fast",
              "pass": true,
              "fail": false,
              "pending": false,
              "context": null,
              "code": "cy.request({\n  //Teste Principal - POST (Cadastro de funcionário via API)\n  method: 'POST',\n  url: '/employees',\n  body: funcionario\n}).then(response => {\n  expect(response.status).to.eq(201);\n  expect(response.body.state.employee.name).to.eq('Teste325');\n  expect(response.body.state.employee.cpf).to.eq('12345678912');\n  expect(response.body.state.employee.birthDay).to.eq('2000-08-12');\n  expect(response.body.state.employee.rg).to.eq('213456');\n  expect(response.body.state.employee.caNumber).to.eq('12345');\n  const employeeId = response.body.id;\n  cy.request({\n    //Cleanup - DELETE (Deleta o funcionário via API)\n    method: 'DELETE',\n    url: `/employees/${employeeId}`\n  }).then(response => {\n    expect(response.status).to.eq(200);\n  });\n});",
              "err": {},
              "uuid": "a9639a54-e365-4b39-bdfe-ff7cf1139963",
              "parentUUID": "b2f3c9c9-2b52-4c31-9ee4-6eb602288c73",
              "isHook": false,
              "skipped": false
            },
            {
              "title": "API-CT-002 - Validar cadastro de funcionário",
              "fullTitle": "Seatecnologia - API API-CT-002 - Validar cadastro de funcionário",
              "timedOut": null,
              "duration": 174,
              "state": "passed",
              "speed": "fast",
              "pass": true,
              "fail": false,
              "pending": false,
              "context": null,
              "code": "cy.request({\n  // Setup - POST (Cadastro de funcionário via API)\n  method: 'POST',\n  url: '/employees',\n  body: funcionario\n}).then(response => {\n  expect(response.status).to.eq(201);\n  const employeeId = response.body.id;\n  cy.request({\n    //Teste Principal GET - Valida o retorno da lista de funcionários via API\n    method: 'GET',\n    url: '/employees'\n  }).then(response => {\n    expect(response.status).to.eq(200);\n    const employee = response.body.find(employee => employee.id === employeeId);\n    const prop = ['isActive', 'name', 'gender', 'cpf', 'birthDay', 'rg', 'role', 'usesEpi', 'caNumber'];\n    expect(employee).to.have.property('state');\n    expect(employee).to.have.property('id');\n    expect(employee.state).to.have.property('employee');\n    prop.forEach(property => {\n      expect(employee.state.employee).to.have.property(property);\n    });\n    cy.request({\n      //Cleanup - DELETE (Deleta o funcionário via API)\n      method: 'DELETE',\n      url: `/employees/${employeeId}`\n    }).then(response => {\n      expect(response.status).to.eq(200);\n    });\n  });\n});",
              "err": {},
              "uuid": "d0fc90f3-b827-45a1-9bd2-e34bace74eb2",
              "parentUUID": "b2f3c9c9-2b52-4c31-9ee4-6eb602288c73",
              "isHook": false,
              "skipped": false
            },
            {
              "title": "API-CT-003 - Validar edição de funcionário",
              "fullTitle": "Seatecnologia - API API-CT-003 - Validar edição de funcionário",
              "timedOut": null,
              "duration": 164,
              "state": "passed",
              "speed": "fast",
              "pass": true,
              "fail": false,
              "pending": false,
              "context": null,
              "code": "cy.request({\n  // Setup - POST (Cadastro de funcionário via API)\n  method: 'POST',\n  url: '/employees',\n  body: funcionario\n}).then(response => {\n  expect(response.status).to.eq(201);\n  const employeeId = response.body.id;\n  cy.request({\n    // Teste Principal - PUT (Alteração de funcionário via API)\n    method: 'PUT',\n    url: `/employees/${employeeId}`,\n    body: {\n      state: {\n        employee: {\n          isActive: true,\n          name: 'Teste285',\n          gender: 'masculino',\n          cpf: '12345678912',\n          birthDay: '2000-08-12',\n          rg: '213456',\n          role: 'Desenvolvedor',\n          usesEpi: true,\n          caNumber: '12345'\n        }\n      }\n    }\n  }).then(response => {\n    expect(response.status).to.eq(200);\n    expect(response.body.state.employee.name).to.eq('Teste285');\n    cy.request({\n      //Cleanup - DELETE (Deleta o funcionário via API)\n      method: 'DELETE',\n      url: `/employees/${employeeId}`\n    }).then(response => {\n      expect(response.status).to.eq(200);\n    });\n  });\n});",
              "err": {},
              "uuid": "cc18b473-b1ab-431c-937e-83ff2a929339",
              "parentUUID": "b2f3c9c9-2b52-4c31-9ee4-6eb602288c73",
              "isHook": false,
              "skipped": false
            },
            {
              "title": "API-CT-004 - Validar exclusão de funcionário",
              "fullTitle": "Seatecnologia - API API-CT-004 - Validar exclusão de funcionário",
              "timedOut": null,
              "duration": 115,
              "state": "passed",
              "speed": "fast",
              "pass": true,
              "fail": false,
              "pending": false,
              "context": null,
              "code": "cy.request({\n  // Setup - POST (Cadastro de funcionário via API)\n  method: 'POST',\n  url: '/employees',\n  body: funcionario\n}).then(response => {\n  expect(response.status).to.eq(201);\n  const employeeId = response.body.id;\n  cy.request({\n    // Teste Principal - DELETE (Exclusão de funcionário via API)\n    method: 'DELETE',\n    url: `/employees/${employeeId}`\n  }).then(response => {\n    expect(response.status).to.eq(200);\n    expect(response.body.id).to.eq(employeeId);\n  });\n});",
              "err": {},
              "uuid": "f51d39a3-61a0-490f-ad24-e7006b7a5742",
              "parentUUID": "b2f3c9c9-2b52-4c31-9ee4-6eb602288c73",
              "isHook": false,
              "skipped": false
            }
          ],
          "suites": [],
          "passes": [
            "a9639a54-e365-4b39-bdfe-ff7cf1139963",
            "d0fc90f3-b827-45a1-9bd2-e34bace74eb2",
            "cc18b473-b1ab-431c-937e-83ff2a929339",
            "f51d39a3-61a0-490f-ad24-e7006b7a5742"
          ],
          "failures": [],
          "pending": [],
          "skipped": [],
          "duration": 667,
          "root": false,
          "rootEmpty": false,
          "_timeout": 2000
        }
      ],
      "passes": [],
      "failures": [],
      "pending": [],
      "skipped": [],
      "duration": 0,
      "root": true,
      "rootEmpty": true,
      "_timeout": 2000
    },
    {
      "uuid": "93b74a94-2432-43db-85c3-f07952ffb26d",
      "title": "",
      "fullFile": "cypress\\e2e\\web.cy.js",
      "file": "cypress\\e2e\\web.cy.js",
      "beforeHooks": [],
      "afterHooks": [],
      "tests": [],
      "suites": [
        {
          "uuid": "05373144-8eec-42e4-ab25-33d835a88917",
          "title": "Seatecnologia - Cadastro",
          "fullFile": "cypress\\e2e\\web.cy.js",
          "file": "cypress\\e2e\\web.cy.js",
          "beforeHooks": [],
          "afterHooks": [],
          "tests": [
            {
              "title": "CT-001 - Efetuar cadastro de funcionário com dados válidos",
              "fullTitle": "Seatecnologia - Cadastro CT-001 - Efetuar cadastro de funcionário com dados válidos",
              "timedOut": null,
              "duration": 2453,
              "state": "passed",
              "speed": "fast",
              "pass": true,
              "fail": false,
              "pending": false,
              "context": null,
              "code": "// Cadastro de funcionário via Web\ncy.get('.c-kUQtTK').click();\ncy.get('[name=\"name\"]').type(employeeData.nome);\ncy.get('[name=\"cpf\"]').type(employeeData.cpf);\ncy.get('[name=\"rg\"]').type(employeeData.rg);\ncy.get('input[name=\"birthDay\"]').type(employeeData.dataNasc);\ncy.get('[name=\"caNumber\"]').type(employeeData.caNumb);\ncy.get('.c-iQPyMC').selectFile('cypress/fixtures/test.txt');\ncy.get('.save').click();\ncy.get('.c-bXqUbA').find('span', 'Teste325').should('be.visible');",
              "err": {},
              "uuid": "76ae02bf-5fa4-4d30-b6fe-e5c40a3b29dc",
              "parentUUID": "05373144-8eec-42e4-ab25-33d835a88917",
              "isHook": false,
              "skipped": false
            },
            {
              "title": "CT-002 - Efetuar cadastro de funcionário ativo com dados válidos",
              "fullTitle": "Seatecnologia - Cadastro CT-002 - Efetuar cadastro de funcionário ativo com dados válidos",
              "timedOut": null,
              "duration": 2300,
              "state": "passed",
              "speed": "fast",
              "pass": true,
              "fail": false,
              "pending": false,
              "context": null,
              "code": "// Cadastro de funcionário ativo via Web\ncy.get('.c-kUQtTK').click();\ncy.get('.ant-switch').click();\ncy.get('[name=\"name\"]').type(employeeData.nome);\ncy.get('[name=\"cpf\"]').type(employeeData.cpf);\ncy.get('[name=\"rg\"]').type(employeeData.rg);\ncy.get('input[name=\"birthDay\"]').type(employeeData.dataNasc);\ncy.get('.ant-checkbox-input').check();\ncy.get('.save').click();\ncy.get('.c-hfAyug').click();\ncy.get('.c-bXqUbA').find('span', 'Teste325').should('be.visible');",
              "err": {},
              "uuid": "d98f1be6-b4f2-44dc-9408-907a0afafd31",
              "parentUUID": "05373144-8eec-42e4-ab25-33d835a88917",
              "isHook": false,
              "skipped": false
            }
          ],
          "suites": [],
          "passes": [
            "76ae02bf-5fa4-4d30-b6fe-e5c40a3b29dc",
            "d98f1be6-b4f2-44dc-9408-907a0afafd31"
          ],
          "failures": [],
          "pending": [],
          "skipped": [],
          "duration": 4753,
          "root": false,
          "rootEmpty": false,
          "_timeout": 2000
        },
        {
          "uuid": "559c8c56-dafd-4185-9108-b0e113e8b489",
          "title": "Seatecnologia - Validação",
          "fullFile": "cypress\\e2e\\web.cy.js",
          "file": "cypress\\e2e\\web.cy.js",
          "beforeHooks": [],
          "afterHooks": [],
          "tests": [
            {
              "title": "CT-006 - Validar preenchimento obrigatório do campo Nome",
              "fullTitle": "Seatecnologia - Validação CT-006 - Validar preenchimento obrigatório do campo Nome",
              "timedOut": null,
              "duration": 1793,
              "state": "passed",
              "speed": "fast",
              "pass": true,
              "fail": false,
              "pending": false,
              "context": null,
              "code": "// Validação do preenchimento obrigatório do campo Nome via Web\ncy.get('.c-kUQtTK').click();\ncy.get('[name=\"cpf\"]').type(employeeData.cpf);\ncy.get('[name=\"rg\"]').type(employeeData.rg);\ncy.get('input[name=\"birthDay\"]').type(employeeData.dataNasc);\ncy.get('.ant-checkbox-input').check();\ncy.get('.save').click();\ncy.get('input[name=\"name\"]').should('have.prop', 'validationMessage').and('equal', 'Preencha este campo.');",
              "err": {},
              "uuid": "3adf63c2-e076-4bfd-af66-ac12af1a6f8e",
              "parentUUID": "559c8c56-dafd-4185-9108-b0e113e8b489",
              "isHook": false,
              "skipped": false
            },
            {
              "title": "CT-007 - Validar preenchimento obrigatório do campo CPF",
              "fullTitle": "Seatecnologia - Validação CT-007 - Validar preenchimento obrigatório do campo CPF",
              "timedOut": null,
              "duration": 1776,
              "state": "passed",
              "speed": "fast",
              "pass": true,
              "fail": false,
              "pending": false,
              "context": null,
              "code": "// Validação do preenchimento obrigatório do campo CPF via Web\ncy.get('.c-kUQtTK').click();\ncy.get('[name=\"name\"]').type(employeeData.nome);\ncy.get('[name=\"rg\"]').type(employeeData.rg);\ncy.get('input[name=\"birthDay\"]').type(employeeData.dataNasc);\ncy.get('.ant-checkbox-input').check();\ncy.get('.save').click();\ncy.get('input[name=\"cpf\"]').should('have.prop', 'validationMessage').and('equal', 'Preencha este campo.');",
              "err": {},
              "uuid": "fe1e3c67-3f05-4a5e-a98d-6382f6b1cc12",
              "parentUUID": "559c8c56-dafd-4185-9108-b0e113e8b489",
              "isHook": false,
              "skipped": false
            },
            {
              "title": "CT-008 - Validar preenchimento obrigatório do campo RG",
              "fullTitle": "Seatecnologia - Validação CT-008 - Validar preenchimento obrigatório do campo RG",
              "timedOut": null,
              "duration": 1784,
              "state": "passed",
              "speed": "fast",
              "pass": true,
              "fail": false,
              "pending": false,
              "context": null,
              "code": "// Validação do preenchimento obrigatório do campo RG via Web\ncy.get('.c-kUQtTK').click();\ncy.get('[name=\"name\"]').type(employeeData.nome);\ncy.get('[name=\"cpf\"]').type(employeeData.cpf);\ncy.get('input[name=\"birthDay\"]').type(employeeData.dataNasc);\ncy.get('.ant-checkbox-input').check();\ncy.get('.save').click();\ncy.get('input[name=\"rg\"]').should('have.prop', 'validationMessage').and('equal', 'Preencha este campo.');",
              "err": {},
              "uuid": "bd3cbb28-371d-4d97-ab4b-58449f486a06",
              "parentUUID": "559c8c56-dafd-4185-9108-b0e113e8b489",
              "isHook": false,
              "skipped": false
            },
            {
              "title": "CT-009 - Validar preenchimento obrigatório do campo Data de nascimento",
              "fullTitle": "Seatecnologia - Validação CT-009 - Validar preenchimento obrigatório do campo Data de nascimento",
              "timedOut": null,
              "duration": 1776,
              "state": "passed",
              "speed": "fast",
              "pass": true,
              "fail": false,
              "pending": false,
              "context": null,
              "code": "// Validação do preenchimento obrigatório do campo Data de nascimento via Web\ncy.get('.c-kUQtTK').click();\ncy.get('[name=\"name\"]').type(employeeData.nome);\ncy.get('[name=\"cpf\"]').type(employeeData.cpf);\ncy.get('[name=\"rg\"]').type(employeeData.rg);\ncy.get('.ant-checkbox-input').check();\ncy.get('.save').click();\ncy.get('input[name=\"birthDay\"]').should('have.prop', 'validationMessage').and('equal', 'Preencha este campo.');",
              "err": {},
              "uuid": "db0a5d80-ab6c-459c-a033-c7d1d093a37a",
              "parentUUID": "559c8c56-dafd-4185-9108-b0e113e8b489",
              "isHook": false,
              "skipped": false
            },
            {
              "title": "CT-010 - Validar preenchimento obrigatório do campo Número do CA",
              "fullTitle": "Seatecnologia - Validação CT-010 - Validar preenchimento obrigatório do campo Número do CA",
              "timedOut": null,
              "duration": 1966,
              "state": "passed",
              "speed": "fast",
              "pass": true,
              "fail": false,
              "pending": false,
              "context": null,
              "code": "// Validação do preenchimento obrigatório do campo Número do CA via Web\ncy.get('.c-kUQtTK').click();\ncy.get('[name=\"name\"]').type(employeeData.nome);\ncy.get('[name=\"cpf\"]').type(employeeData.cpf);\ncy.get('[name=\"rg\"]').type(employeeData.rg);\ncy.get('input[name=\"birthDay\"]').type(employeeData.dataNasc);\ncy.get('.save').click();\ncy.get('input[name=\"caNumber\"]').should('have.prop', 'validationMessage').and('equal', 'Preencha este campo.');",
              "err": {},
              "uuid": "d55e7579-af0b-4599-9d64-1e493272cbfd",
              "parentUUID": "559c8c56-dafd-4185-9108-b0e113e8b489",
              "isHook": false,
              "skipped": false
            },
            {
              "title": "CT-011 - Validar quantidade mínima de caracteres no campo CPF",
              "fullTitle": "Seatecnologia - Validação CT-011 - Validar quantidade mínima de caracteres no campo CPF",
              "timedOut": null,
              "duration": 716,
              "state": "passed",
              "speed": "fast",
              "pass": true,
              "fail": false,
              "pending": false,
              "context": null,
              "code": "// Validação da quantidade mínima de caracteres no campo CPF via Web\ncy.get('.c-kUQtTK').click();\ncy.get('[name=\"cpf\"]').should('have.attr', 'minlength', '11');",
              "err": {},
              "uuid": "e507640b-7f31-43e8-a2ca-115810242624",
              "parentUUID": "559c8c56-dafd-4185-9108-b0e113e8b489",
              "isHook": false,
              "skipped": false
            }
          ],
          "suites": [],
          "passes": [
            "3adf63c2-e076-4bfd-af66-ac12af1a6f8e",
            "fe1e3c67-3f05-4a5e-a98d-6382f6b1cc12",
            "bd3cbb28-371d-4d97-ab4b-58449f486a06",
            "db0a5d80-ab6c-459c-a033-c7d1d093a37a",
            "d55e7579-af0b-4599-9d64-1e493272cbfd",
            "e507640b-7f31-43e8-a2ca-115810242624"
          ],
          "failures": [],
          "pending": [],
          "skipped": [],
          "duration": 9811,
          "root": false,
          "rootEmpty": false,
          "_timeout": 2000
        }
      ],
      "passes": [],
      "failures": [],
      "pending": [],
      "skipped": [],
      "duration": 0,
      "root": true,
      "rootEmpty": true,
      "_timeout": 2000
    },
    {
      "uuid": "9d0e6913-1a9d-47ce-b18d-49a0dbb8559f",
      "title": "",
      "fullFile": "cypress\\e2e\\webxapi.cy.js",
      "file": "cypress\\e2e\\webxapi.cy.js",
      "beforeHooks": [],
      "afterHooks": [],
      "tests": [],
      "suites": [
        {
          "uuid": "4cb42953-8478-4b54-87ef-20c5748f62a4",
          "title": "Testes cruzamento Web -> API",
          "fullFile": "cypress\\e2e\\webxapi.cy.js",
          "file": "cypress\\e2e\\webxapi.cy.js",
          "beforeHooks": [],
          "afterHooks": [],
          "tests": [
            {
              "title": "WEB-API-CT-001 - Validar cadastro de funcionário realizado pela Web na API",
              "fullTitle": "Testes cruzamento Web -> API WEB-API-CT-001 - Validar cadastro de funcionário realizado pela Web na API",
              "timedOut": null,
              "duration": 2171,
              "state": "passed",
              "speed": "fast",
              "pass": true,
              "fail": false,
              "pending": false,
              "context": null,
              "code": "cy.get('.c-kUQtTK').click(); //Faz o cadastro do funcionário via Web\ncy.get('[name=\"name\"]').type(employeeData.nome);\ncy.get('[name=\"cpf\"]').type(employeeData.cpf);\ncy.get('[name=\"rg\"]').type(employeeData.rg);\ncy.get('input[name=\"birthDay\"]').type(employeeData.dataNasc);\ncy.get('[name=\"caNumber\"]').type(employeeData.caNumb);\ncy.get('.save').click();\ncy.request({\n  //Valida o cadastro do funcionário via API\n  method: 'GET',\n  url: '/employees'\n}).then(response => {\n  const employee = response.body.find(employee => employee.state.employee.cpf === employeeData.cpf);\n  expect(employee.state.employee.name).to.eq(employeeData.nome);\n  expect(employee.state.employee.cpf).to.eq(employeeData.cpf);\n  expect(employee.state.employee.rg).to.eq(employeeData.rg);\n  expect(employee.state.employee.birthDay).to.eq(employeeData.dataNasc);\n  expect(employee.state.employee.caNumber).to.eq(employeeData.caNumb);\n  cy.request({\n    //Cleanup - DELETE\n    method: 'DELETE',\n    url: `/employees/${employee.id}`\n  }).then(response => {\n    expect(response.status).to.eq(200);\n  });\n});",
              "err": {},
              "uuid": "3b1f9242-5b74-4c25-aa2c-48926986e2bc",
              "parentUUID": "4cb42953-8478-4b54-87ef-20c5748f62a4",
              "isHook": false,
              "skipped": false
            }
          ],
          "suites": [],
          "passes": [
            "3b1f9242-5b74-4c25-aa2c-48926986e2bc"
          ],
          "failures": [],
          "pending": [],
          "skipped": [],
          "duration": 2171,
          "root": false,
          "rootEmpty": false,
          "_timeout": 2000
        },
        {
          "uuid": "fd0ebe64-df46-414f-b9b0-ad9ba269852c",
          "title": "Testes cruzamento API -> Web",
          "fullFile": "cypress\\e2e\\webxapi.cy.js",
          "file": "cypress\\e2e\\webxapi.cy.js",
          "beforeHooks": [],
          "afterHooks": [],
          "tests": [
            {
              "title": "WEB-API-CT-002 - Validar cadastro de funcionário realizado pela API na Web",
              "fullTitle": "Testes cruzamento API -> Web WEB-API-CT-002 - Validar cadastro de funcionário realizado pela API na Web",
              "timedOut": null,
              "duration": 780,
              "state": "passed",
              "speed": "fast",
              "pass": true,
              "fail": false,
              "pending": false,
              "context": null,
              "code": "cy.request({\n  //Faz o cadastro do funcionário via API\n  method: 'POST',\n  url: '/employees',\n  body: funcionario\n}).then(response => {\n  expect(response.status).to.eq(201);\n  cy.visit('/');\n  cy.get('.c-bXqUbA').find('span', funcionario.state.nome).should('be.visible'); //Valida o cadastro do funcionário via Web\n  const employeeId = response.body.id;\n  cy.request({\n    //Cleanup - DELETE\n    method: 'DELETE',\n    url: `/employees/${employeeId}`\n  }).then(response => {\n    expect(response.status).to.eq(200);\n  });\n});",
              "err": {},
              "uuid": "0741fa19-a366-4bff-adf1-eabc6e36a08b",
              "parentUUID": "fd0ebe64-df46-414f-b9b0-ad9ba269852c",
              "isHook": false,
              "skipped": false
            },
            {
              "title": "WEB-API-CT-003 - Validar edição de funcionário realizada pela API na Web",
              "fullTitle": "Testes cruzamento API -> Web WEB-API-CT-003 - Validar edição de funcionário realizada pela API na Web",
              "timedOut": null,
              "duration": 1917,
              "state": "passed",
              "speed": "fast",
              "pass": true,
              "fail": false,
              "pending": false,
              "context": null,
              "code": "cy.request({\n  // Setup - POST (Cadastro de funcionário via API)\n  method: 'POST',\n  url: '/employees',\n  body: funcionario\n}).then(response => {\n  expect(response.status).to.eq(201);\n  const employeeId = response.body.id;\n  cy.request({\n    // Faz a alteração do funcionário via API\n    method: 'PUT',\n    url: `/employees/${employeeId}`,\n    body: {\n      state: {\n        employee: {\n          isActive: true,\n          name: 'Teste285',\n          gender: 'masculino',\n          cpf: '12345678912',\n          birthDay: '2000-08-12',\n          rg: '213456',\n          role: 'Desenvolvedor',\n          usesEpi: true,\n          caNumber: '12345'\n        }\n      }\n    }\n  }).then(response => {\n    expect(response.status).to.eq(200);\n    cy.visit('/');\n    cy.get('.c-bXqUbA').find('span', response.body.state.employee.name).should('be.visible'); //Valida a alteração do funcionário via Web\n    cy.request({\n      //Cleanup - DELETE\n      method: 'DELETE',\n      url: `/employees/${employeeId}`\n    }).then(response => {\n      expect(response.status).to.eq(200);\n    });\n  });\n});",
              "err": {},
              "uuid": "6943bf59-f6b1-40a0-a0d3-1ccdad402281",
              "parentUUID": "fd0ebe64-df46-414f-b9b0-ad9ba269852c",
              "isHook": false,
              "skipped": false
            },
            {
              "title": "WEB-API-CT-004 - Validar exclusão de funcionário realizada pela API na Web",
              "fullTitle": "Testes cruzamento API -> Web WEB-API-CT-004 - Validar exclusão de funcionário realizada pela API na Web",
              "timedOut": null,
              "duration": 781,
              "state": "passed",
              "speed": "fast",
              "pass": true,
              "fail": false,
              "pending": false,
              "context": null,
              "code": "cy.request({\n  // Setup - POST (Cadastro de funcionário via API)\n  method: 'POST',\n  url: '/employees',\n  body: funcionario\n}).then(response => {\n  expect(response.status).to.eq(201);\n  const employeeId = response.body.id;\n  cy.request({\n    //Deleta o funcionário e valida a exclusão via API\n    method: 'DELETE',\n    url: `/employees/${employeeId}`\n  }).then(response => {\n    expect(response.status).to.eq(200);\n    cy.visit('/');\n    cy.get('.c-bXqUbA').should('not.contain', funcionario.state.nome);\n  });\n});",
              "err": {},
              "uuid": "dc47b837-6f52-4fe9-bc4c-2aaf0093ff76",
              "parentUUID": "fd0ebe64-df46-414f-b9b0-ad9ba269852c",
              "isHook": false,
              "skipped": false
            }
          ],
          "suites": [],
          "passes": [
            "0741fa19-a366-4bff-adf1-eabc6e36a08b",
            "6943bf59-f6b1-40a0-a0d3-1ccdad402281",
            "dc47b837-6f52-4fe9-bc4c-2aaf0093ff76"
          ],
          "failures": [],
          "pending": [],
          "skipped": [],
          "duration": 3478,
          "root": false,
          "rootEmpty": false,
          "_timeout": 2000
        }
      ],
      "passes": [],
      "failures": [],
      "pending": [],
      "skipped": [],
      "duration": 0,
      "root": true,
      "rootEmpty": true,
      "_timeout": 2000
    }
  ],
  "meta": {
    "mocha": {
      "version": "7.2.0"
    },
    "mochawesome": {
      "options": {
        "quiet": false,
        "reportFilename": "mochawesome",
        "saveHtml": false,
        "saveJson": true,
        "consoleReporter": "spec",
        "useInlineDiffs": false,
        "code": true
      },
      "version": "8.0.1"
    },
    "marge": {
      "options": {
        "reportDir": "cypress\\reports\\.jsons",
        "charts": true,
        "reportPageTitle": "SeaTecnologia Test Report",
        "embeddedScreenshots": true,
        "inlineAssets": true,
        "saveJson": true,
        "overwrite": false,
        "html": false,
        "json": true
      },
      "version": "6.3.2"
    }
  }
}